[     502ms] [INFO] %cDownload the React DevTools for a better development experience: https://react.dev/link/react-devtools font-weight:bold @ http://localhost:3000/_next/static/chunks/node_modules_next_dist_1ybzpk2._.js:2477
[     532ms] [LOG] [HMR] connected @ http://localhost:3000/_next/static/chunks/node_modules_next_dist_1ybzpk2._.js:2477
[   58946ms] [LOG] [HMR] connected @ http://localhost:3000/_next/static/chunks/node_modules_next_dist_1ybzpk2._.js:2477
[ 1491813ms] [LOG] [Fast Refresh] rebuilding @ http://localhost:3000/_next/static/chunks/node_modules_next_dist_1ybzpk2._.js:2477
[ 1491838ms] [LOG] [Fast Refresh] done in 136ms @ http://localhost:3000/_next/static/chunks/node_modules_next_dist_1ybzpk2._.js:2477
[ 1605184ms] [LOG] [Fast Refresh] rebuilding @ http://localhost:3000/_next/static/chunks/node_modules_next_dist_1ybzpk2._.js:2477
[ 1606236ms] [LOG] [Fast Refresh] done in 1155ms @ http://localhost:3000/_next/static/chunks/node_modules_next_dist_1ybzpk2._.js:2477
[ 1607040ms] [LOG] [Fast Refresh] rebuilding @ http://localhost:3000/_next/static/chunks/node_modules_next_dist_1ybzpk2._.js:2477
[ 1607153ms] [LOG] [Fast Refresh] done in 216ms @ http://localhost:3000/_next/static/chunks/node_modules_next_dist_1ybzpk2._.js:2477
[ 3106301ms] [ERROR] WebSocket connection to 'ws://localhost:3000/_next/webpack-hmr?id=X3r1Ll4gkHArqNmEK7ROL' failed: Error in connection establishment: net::ERR_CONNECTION_REFUSED @ http://localhost:3000/_next/static/chunks/node_modules_next_dist_client_0r5nbpw._.js:13422
[ 3107304ms] [ERROR] WebSocket connection to 'ws://localhost:3000/_next/webpack-hmr?id=X3r1Ll4gkHArqNmEK7ROL' failed: Error in connection establishment: net::ERR_CONNECTION_REFUSED @ http://localhost:3000/_next/static/chunks/node_modules_next_dist_client_0r5nbpw._.js:13422
[ 3108308ms] [ERROR] WebSocket connection to 'ws://localhost:3000/_next/webpack-hmr?id=X3r1Ll4gkHArqNmEK7ROL' failed: Error in connection establishment: net::ERR_CONNECTION_REFUSED @ http://localhost:3000/_next/static/chunks/node_modules_next_dist_client_0r5nbpw._.js:13422
[ 3109311ms] [ERROR] WebSocket connection to 'ws://localhost:3000/_next/webpack-hmr?id=X3r1Ll4gkHArqNmEK7ROL' failed: Error in connection establishment: net::ERR_CONNECTION_REFUSED @ http://localhost:3000/_next/static/chunks/node_modules_next_dist_client_0r5nbpw._.js:13422
[ 3110314ms] [ERROR] WebSocket connection to 'ws://localhost:3000/_next/webpack-hmr?id=X3r1Ll4gkHArqNmEK7ROL' failed: Error in connection establishment: net::ERR_CONNECTION_REFUSED @ http://localhost:3000/_next/static/chunks/node_modules_next_dist_client_0r5nbpw._.js:13422
[ 3115335ms] [LOG] [HMR] connected @ http://localhost:3000/_next/static/chunks/node_modules_next_dist_1ybzpk2._.js:2477
[ 3116235ms] [INFO] %cDownload the React DevTools for a better development experience: https://react.dev/link/react-devtools font-weight:bold @ http://localhost:3000/_next/static/chunks/node_modules_next_dist_1ybzpk2._.js:2477
[ 3116299ms] [LOG] [HMR] connected @ http://localhost:3000/_next/static/chunks/node_modules_next_dist_1ybzpk2._.js:2477
[ 3116455ms] [LOG] [Fast Refresh] rebuilding @ http://localhost:3000/_next/static/chunks/node_modules_next_dist_1ybzpk2._.js:2477
[ 3116512ms] [LOG] [Fast Refresh] done in 158ms @ http://localhost:3000/_next/static/chunks/node_modules_next_dist_1ybzpk2._.js:2477
[ 3194481ms] [ERROR] WebSocket connection to 'ws://localhost:3000/_next/webpack-hmr?id=oQC-UU7VezOJV2yCnOpMJ' failed: Error in connection establishment: net::ERR_CONNECTION_REFUSED @ http://localhost:3000/_next/static/chunks/node_modules_next_dist_client_0r5nbpw._.js:13422
[ 3195484ms] [ERROR] WebSocket connection to 'ws://localhost:3000/_next/webpack-hmr?id=oQC-UU7VezOJV2yCnOpMJ' failed: Error in connection establishment: net::ERR_CONNECTION_REFUSED @ http://localhost:3000/_next/static/chunks/node_modules_next_dist_client_0r5nbpw._.js:13422
[ 3196487ms] [ERROR] WebSocket connection to 'ws://localhost:3000/_next/webpack-hmr?id=oQC-UU7VezOJV2yCnOpMJ' failed: Error in connection establishment: net::ERR_CONNECTION_REFUSED @ http://localhost:3000/_next/static/chunks/node_modules_next_dist_client_0r5nbpw._.js:13422
[ 3197489ms] [ERROR] WebSocket connection to 'ws://localhost:3000/_next/webpack-hmr?id=oQC-UU7VezOJV2yCnOpMJ' failed: Error in connection establishment: net::ERR_CONNECTION_REFUSED @ http://localhost:3000/_next/static/chunks/node_modules_next_dist_client_0r5nbpw._.js:13422
[ 3198492ms] [ERROR] WebSocket connection to 'ws://localhost:3000/_next/webpack-hmr?id=oQC-UU7VezOJV2yCnOpMJ' failed: Error in connection establishment: net::ERR_CONNECTION_REFUSED @ http://localhost:3000/_next/static/chunks/node_modules_next_dist_client_0r5nbpw._.js:13422
[ 3203627ms] [ERROR] WebSocket connection to 'ws://localhost:3000/_next/webpack-hmr?id=oQC-UU7VezOJV2yCnOpMJ' failed: Error in connection establishment: net::ERR_CONNECTION_REFUSED @ http://localhost:3000/_next/static/chunks/node_modules_next_dist_client_0r5nbpw._.js:13422
[ 3208662ms] [ERROR] WebSocket connection to 'ws://localhost:3000/_next/webpack-hmr?id=oQC-UU7VezOJV2yCnOpMJ' failed: Error in connection establishment: net::ERR_CONNECTION_REFUSED @ http://localhost:3000/_next/static/chunks/node_modules_next_dist_client_0r5nbpw._.js:13422
[ 3213673ms] [ERROR] WebSocket connection to 'ws://localhost:3000/_next/webpack-hmr?id=oQC-UU7VezOJV2yCnOpMJ' failed: Error in connection establishment: net::ERR_CONNECTION_REFUSED @ http://localhost:3000/_next/static/chunks/node_modules_next_dist_client_0r5nbpw._.js:13422
[ 3218685ms] [ERROR] WebSocket connection to 'ws://localhost:3000/_next/webpack-hmr?id=oQC-UU7VezOJV2yCnOpMJ' failed: Error in connection establishment: net::ERR_CONNECTION_REFUSED @ http://localhost:3000/_next/static/chunks/node_modules_next_dist_client_0r5nbpw._.js:13422
[ 3223692ms] [ERROR] WebSocket connection to 'ws://localhost:3000/_next/webpack-hmr?id=oQC-UU7VezOJV2yCnOpMJ' failed: Error in connection establishment: net::ERR_CONNECTION_REFUSED @ http://localhost:3000/_next/static/chunks/node_modules_next_dist_client_0r5nbpw._.js:13422
[ 3228700ms] [ERROR] WebSocket connection to 'ws://localhost:3000/_next/webpack-hmr?id=oQC-UU7VezOJV2yCnOpMJ' failed: Error in connection establishment: net::ERR_CONNECTION_REFUSED @ http://localhost:3000/_next/static/chunks/node_modules_next_dist_client_0r5nbpw._.js:13422
[ 3233705ms] [ERROR] WebSocket connection to 'ws://localhost:3000/_next/webpack-hmr?id=oQC-UU7VezOJV2yCnOpMJ' failed: Error in connection establishment: net::ERR_CONNECTION_REFUSED @ http://localhost:3000/_next/static/chunks/node_modules_next_dist_client_0r5nbpw._.js:13422
